{"uid":"8e3cf38285d5f01d","name":"easySelenideSeacrhOnGitHubTest()","fullName":"tests.TestForAllure.easySelenideSeacrhOnGitHubTest","historyId":"219ceffc501c78090fafb12736b5adfb","time":{"start":1751534631583,"stop":1751534649622,"duration":18039},"description":"","status":"failed","statusMessage":"Element not found {By.linkText: eroshenkoam/allure-example}\nExpected: visible\nScreenshot: file:/home/runner/work/ru.denkul/ru.denkul/build/reports/tests/1751534649354.0.png\nPage source: file:/home/runner/work/ru.denkul/ru.denkul/build/reports/tests/1751534649354.0.html\nTimeout: 10 s.\nCaused by: NoSuchElementException: no such element: Unable to locate element: {\"method\":\"link text\",\"selector\":\"eroshenkoam/allure-example\"}","statusTrace":"Element not found {By.linkText: eroshenkoam/allure-example}\nExpected: visible\nScreenshot: file:/home/runner/work/ru.denkul/ru.denkul/build/reports/tests/1751534649354.0.png\nPage source: file:/home/runner/work/ru.denkul/ru.denkul/build/reports/tests/1751534649354.0.html\nTimeout: 10 s.\nCaused by: NoSuchElementException: no such element: Unable to locate element: {\"method\":\"link text\",\"selector\":\"eroshenkoam/allure-example\"}\n\tat com.codeborne.selenide.impl.WebElementSource.createElementNotFoundError(WebElementSource.java:89)\n\tat com.codeborne.selenide.impl.ElementFinder.createElementNotFoundError(ElementFinder.java:129)\n\tat com.codeborne.selenide.impl.WebElementSource.handleError(WebElementSource.java:140)\n\tat com.codeborne.selenide.impl.WebElementSource.checkConditionAndReturnElement(WebElementSource.java:123)\n\tat com.codeborne.selenide.impl.WebElementSource.checkCondition(WebElementSource.java:99)\n\tat com.codeborne.selenide.commands.Should.execute(Should.java:24)\n\tat com.codeborne.selenide.FluentCommand.execute(FluentCommand.java:27)\n\tat com.codeborne.selenide.FluentCommand.execute(FluentCommand.java:19)\n\tat com.codeborne.selenide.commands.Commands.execute(Commands.java:160)\n\tat com.codeborne.selenide.impl.SelenideElementProxy.dispatchAndRetry(SelenideElementProxy.java:131)\n\tat com.codeborne.selenide.impl.SelenideElementProxy.invoke(SelenideElementProxy.java:83)\n\tat jdk.proxy2/jdk.proxy2.$Proxy18.shouldBe(Unknown Source)\n\tat tests.TestForAllure.easySelenideSeacrhOnGitHubTest(TestForAllure.java:33)\n\tat java.base/java.lang.reflect.Method.invoke(Method.java:580)\n\tat java.base/java.util.ArrayList.forEach(ArrayList.java:1596)\n\tat java.base/java.util.ArrayList.forEach(ArrayList.java:1596)\nCaused by: org.openqa.selenium.NoSuchElementException: no such element: Unable to locate element: {\"method\":\"link text\",\"selector\":\"eroshenkoam/allure-example\"}\n  (Session info: chrome=128.0.6613.137)\nFor documentation on this error, please visit: https://www.selenium.dev/documentation/webdriver/troubleshooting/errors#no-such-element-exception\nBuild info: version: '4.32.0', revision: 'd17c8aa950'\nSystem info: os.name: 'Linux', os.arch: 'amd64', os.version: '6.11.0-1015-azure', java.version: '21.0.7'\nDriver info: org.openqa.selenium.remote.RemoteWebDriver\nCommand: [265ff54ed2afbafca4bc276ab684e4c1, findElement {using=link text, value=eroshenkoam/allure-example}]\nCapabilities {acceptInsecureCerts: true, browserName: chrome, browserVersion: 128.0.6613.137, chrome: {chromedriverVersion: 128.0.6613.18 (7d504c2c60ba..., userDataDir: /tmp/.org.chromium.Chromium...}, fedcm:accounts: true, goog:chromeOptions: {debuggerAddress: localhost:44183}, networkConnectionEnabled: false, pageLoadStrategy: normal, platformName: linux, proxy: Proxy(), se:cdp: ws://localhost:4444/devtool..., se:cdpVersion: 128.0.6613.137, setWindowRect: true, strictFileInteractability: false, timeouts: {implicit: 0, pageLoad: 300000, script: 30000}, unhandledPromptBehavior: accept, webauthn:extension:credBlob: true, webauthn:extension:largeBlob: true, webauthn:extension:minPinLength: true, webauthn:extension:prf: true, webauthn:virtualAuthenticators: true}\nSession ID: 265ff54ed2afbafca4bc276ab684e4c1\n\tat java.base/jdk.internal.reflect.DirectConstructorHandleAccessor.newInstance(DirectConstructorHandleAccessor.java:62)\n\tat java.base/java.lang.reflect.Constructor.newInstanceWithCaller(Constructor.java:502)\n\tat java.base/java.lang.reflect.Constructor.newInstance(Constructor.java:486)\n\tat org.openqa.selenium.remote.ErrorCodec.decode(ErrorCodec.java:167)\n\tat org.openqa.selenium.remote.codec.w3c.W3CHttpResponseCodec.decode(W3CHttpResponseCodec.java:138)\n\tat org.openqa.selenium.remote.codec.w3c.W3CHttpResponseCodec.decode(W3CHttpResponseCodec.java:50)\n\tat org.openqa.selenium.remote.HttpCommandExecutor.execute(HttpCommandExecutor.java:215)\n\tat org.openqa.selenium.remote.RemoteWebDriver.execute(RemoteWebDriver.java:545)\n\tat org.openqa.selenium.remote.ElementLocation$ElementFinder$2.findElement(ElementLocation.java:165)\n\tat org.openqa.selenium.remote.ElementLocation.findElement(ElementLocation.java:59)\n\tat org.openqa.selenium.remote.RemoteWebDriver.findElement(RemoteWebDriver.java:368)\n\tat org.openqa.selenium.remote.RemoteWebDriver.findElement(RemoteWebDriver.java:362)\n\tat com.codeborne.selenide.impl.WebElementSelector.findElement(WebElementSelector.java:67)\n\tat com.codeborne.selenide.impl.WebElementSelector.findElement(WebElementSelector.java:38)\n\tat com.codeborne.selenide.impl.WebElementSelector.findElement(WebElementSelector.java:29)\n\tat com.codeborne.selenide.impl.ElementFinder.getWebElement(ElementFinder.java:113)\n\tat com.codeborne.selenide.impl.WebElementSource.checkConditionAndReturnElement(WebElementSource.java:112)\n\t... 12 more\n","flaky":false,"newFailed":true,"newBroken":false,"newPassed":false,"retriesCount":0,"retriesStatusChange":false,"beforeStages":[],"testStage":{"description":"","status":"failed","statusMessage":"Element not found {By.linkText: eroshenkoam/allure-example}\nExpected: visible\nScreenshot: file:/home/runner/work/ru.denkul/ru.denkul/build/reports/tests/1751534649354.0.png\nPage source: file:/home/runner/work/ru.denkul/ru.denkul/build/reports/tests/1751534649354.0.html\nTimeout: 10 s.\nCaused by: NoSuchElementException: no such element: Unable to locate element: {\"method\":\"link text\",\"selector\":\"eroshenkoam/allure-example\"}","statusTrace":"Element not found {By.linkText: eroshenkoam/allure-example}\nExpected: visible\nScreenshot: file:/home/runner/work/ru.denkul/ru.denkul/build/reports/tests/1751534649354.0.png\nPage source: file:/home/runner/work/ru.denkul/ru.denkul/build/reports/tests/1751534649354.0.html\nTimeout: 10 s.\nCaused by: NoSuchElementException: no such element: Unable to locate element: {\"method\":\"link text\",\"selector\":\"eroshenkoam/allure-example\"}\n\tat com.codeborne.selenide.impl.WebElementSource.createElementNotFoundError(WebElementSource.java:89)\n\tat com.codeborne.selenide.impl.ElementFinder.createElementNotFoundError(ElementFinder.java:129)\n\tat com.codeborne.selenide.impl.WebElementSource.handleError(WebElementSource.java:140)\n\tat com.codeborne.selenide.impl.WebElementSource.checkConditionAndReturnElement(WebElementSource.java:123)\n\tat com.codeborne.selenide.impl.WebElementSource.checkCondition(WebElementSource.java:99)\n\tat com.codeborne.selenide.commands.Should.execute(Should.java:24)\n\tat com.codeborne.selenide.FluentCommand.execute(FluentCommand.java:27)\n\tat com.codeborne.selenide.FluentCommand.execute(FluentCommand.java:19)\n\tat com.codeborne.selenide.commands.Commands.execute(Commands.java:160)\n\tat com.codeborne.selenide.impl.SelenideElementProxy.dispatchAndRetry(SelenideElementProxy.java:131)\n\tat com.codeborne.selenide.impl.SelenideElementProxy.invoke(SelenideElementProxy.java:83)\n\tat jdk.proxy2/jdk.proxy2.$Proxy18.shouldBe(Unknown Source)\n\tat tests.TestForAllure.easySelenideSeacrhOnGitHubTest(TestForAllure.java:33)\n\tat java.base/java.lang.reflect.Method.invoke(Method.java:580)\n\tat java.base/java.util.ArrayList.forEach(ArrayList.java:1596)\n\tat java.base/java.util.ArrayList.forEach(ArrayList.java:1596)\nCaused by: org.openqa.selenium.NoSuchElementException: no such element: Unable to locate element: {\"method\":\"link text\",\"selector\":\"eroshenkoam/allure-example\"}\n  (Session info: chrome=128.0.6613.137)\nFor documentation on this error, please visit: https://www.selenium.dev/documentation/webdriver/troubleshooting/errors#no-such-element-exception\nBuild info: version: '4.32.0', revision: 'd17c8aa950'\nSystem info: os.name: 'Linux', os.arch: 'amd64', os.version: '6.11.0-1015-azure', java.version: '21.0.7'\nDriver info: org.openqa.selenium.remote.RemoteWebDriver\nCommand: [265ff54ed2afbafca4bc276ab684e4c1, findElement {using=link text, value=eroshenkoam/allure-example}]\nCapabilities {acceptInsecureCerts: true, browserName: chrome, browserVersion: 128.0.6613.137, chrome: {chromedriverVersion: 128.0.6613.18 (7d504c2c60ba..., userDataDir: /tmp/.org.chromium.Chromium...}, fedcm:accounts: true, goog:chromeOptions: {debuggerAddress: localhost:44183}, networkConnectionEnabled: false, pageLoadStrategy: normal, platformName: linux, proxy: Proxy(), se:cdp: ws://localhost:4444/devtool..., se:cdpVersion: 128.0.6613.137, setWindowRect: true, strictFileInteractability: false, timeouts: {implicit: 0, pageLoad: 300000, script: 30000}, unhandledPromptBehavior: accept, webauthn:extension:credBlob: true, webauthn:extension:largeBlob: true, webauthn:extension:minPinLength: true, webauthn:extension:prf: true, webauthn:virtualAuthenticators: true}\nSession ID: 265ff54ed2afbafca4bc276ab684e4c1\n\tat java.base/jdk.internal.reflect.DirectConstructorHandleAccessor.newInstance(DirectConstructorHandleAccessor.java:62)\n\tat java.base/java.lang.reflect.Constructor.newInstanceWithCaller(Constructor.java:502)\n\tat java.base/java.lang.reflect.Constructor.newInstance(Constructor.java:486)\n\tat org.openqa.selenium.remote.ErrorCodec.decode(ErrorCodec.java:167)\n\tat org.openqa.selenium.remote.codec.w3c.W3CHttpResponseCodec.decode(W3CHttpResponseCodec.java:138)\n\tat org.openqa.selenium.remote.codec.w3c.W3CHttpResponseCodec.decode(W3CHttpResponseCodec.java:50)\n\tat org.openqa.selenium.remote.HttpCommandExecutor.execute(HttpCommandExecutor.java:215)\n\tat org.openqa.selenium.remote.RemoteWebDriver.execute(RemoteWebDriver.java:545)\n\tat org.openqa.selenium.remote.ElementLocation$ElementFinder$2.findElement(ElementLocation.java:165)\n\tat org.openqa.selenium.remote.ElementLocation.findElement(ElementLocation.java:59)\n\tat org.openqa.selenium.remote.RemoteWebDriver.findElement(RemoteWebDriver.java:368)\n\tat org.openqa.selenium.remote.RemoteWebDriver.findElement(RemoteWebDriver.java:362)\n\tat com.codeborne.selenide.impl.WebElementSelector.findElement(WebElementSelector.java:67)\n\tat com.codeborne.selenide.impl.WebElementSelector.findElement(WebElementSelector.java:38)\n\tat com.codeborne.selenide.impl.WebElementSelector.findElement(WebElementSelector.java:29)\n\tat com.codeborne.selenide.impl.ElementFinder.getWebElement(ElementFinder.java:113)\n\tat com.codeborne.selenide.impl.WebElementSource.checkConditionAndReturnElement(WebElementSource.java:112)\n\t... 12 more\n","steps":[{"name":"Открываю страницу github  в интернет","time":{"start":1751534631610,"stop":1751534633921,"duration":2311},"status":"passed","steps":[{"name":"$(\"open\") https://github.com","time":{"start":1751534631613,"stop":1751534633921,"duration":2308},"status":"passed","steps":[{"name":"$(\"webdriver\") create()","time":{"start":1751534631620,"stop":1751534632913,"duration":1293},"status":"passed","steps":[],"attachments":[],"parameters":[],"shouldDisplayMessage":false,"stepsCount":0,"attachmentsCount":0,"hasContent":false,"attachmentStep":false}],"attachments":[],"parameters":[],"shouldDisplayMessage":false,"stepsCount":1,"attachmentsCount":0,"hasContent":true,"attachmentStep":false}],"attachments":[],"parameters":[],"shouldDisplayMessage":false,"stepsCount":2,"attachmentsCount":0,"hasContent":true,"attachmentStep":false},{"name":"Ищу окно для ввода текста","time":{"start":1751534633921,"stop":1751534637246,"duration":3325},"status":"passed","steps":[{"name":"$(\".header-search-button\") should be([visible, interactable])","time":{"start":1751534633951,"stop":1751534635279,"duration":1328},"status":"passed","steps":[],"attachments":[],"parameters":[],"shouldDisplayMessage":false,"stepsCount":0,"attachmentsCount":0,"hasContent":false,"attachmentStep":false},{"name":"$(\".header-search-button\") click()","time":{"start":1751534635279,"stop":1751534637245,"duration":1966},"status":"passed","steps":[],"attachments":[],"parameters":[],"shouldDisplayMessage":false,"stepsCount":0,"attachmentsCount":0,"hasContent":false,"attachmentStep":false}],"attachments":[],"parameters":[],"shouldDisplayMessage":false,"stepsCount":2,"attachmentsCount":0,"hasContent":true,"attachmentStep":false},{"name":"$(\"#query-builder-test\") should be([visible, interactable])","time":{"start":1751534637246,"stop":1751534638477,"duration":1231},"status":"passed","steps":[],"attachments":[],"parameters":[],"shouldDisplayMessage":false,"stepsCount":0,"attachmentsCount":0,"hasContent":false,"attachmentStep":false},{"name":"$(\"#query-builder-test\") set value(eroshenkoam/allure-example)","time":{"start":1751534638478,"stop":1751534639183,"duration":705},"status":"passed","steps":[],"attachments":[],"parameters":[],"shouldDisplayMessage":false,"stepsCount":0,"attachmentsCount":0,"hasContent":false,"attachmentStep":false},{"name":"$(\"#query-builder-test\") submit()","time":{"start":1751534639183,"stop":1751534639220,"duration":37},"status":"passed","steps":[],"attachments":[],"parameters":[],"shouldDisplayMessage":false,"stepsCount":0,"attachmentsCount":0,"hasContent":false,"attachmentStep":false},{"name":"$(\"By.linkText: eroshenkoam/allure-example\") should be([visible, interactable])","time":{"start":1751534639220,"stop":1751534649603,"duration":10383},"status":"failed","statusMessage":"Element not found {By.linkText: eroshenkoam/allure-example}\nExpected: visible\nScreenshot: file:/home/runner/work/ru.denkul/ru.denkul/build/reports/tests/1751534649354.0.png\nPage source: file:/home/runner/work/ru.denkul/ru.denkul/build/reports/tests/1751534649354.0.html\nTimeout: 10 s.\nCaused by: NoSuchElementException: no such element: Unable to locate element: {\"method\":\"link text\",\"selector\":\"eroshenkoam/allure-example\"}","statusTrace":"Element not found {By.linkText: eroshenkoam/allure-example}\nExpected: visible\nScreenshot: file:/home/runner/work/ru.denkul/ru.denkul/build/reports/tests/1751534649354.0.png\nPage source: file:/home/runner/work/ru.denkul/ru.denkul/build/reports/tests/1751534649354.0.html\nTimeout: 10 s.\nCaused by: NoSuchElementException: no such element: Unable to locate element: {\"method\":\"link text\",\"selector\":\"eroshenkoam/allure-example\"}\n\tat com.codeborne.selenide.impl.WebElementSource.createElementNotFoundError(WebElementSource.java:89)\n\tat com.codeborne.selenide.impl.ElementFinder.createElementNotFoundError(ElementFinder.java:129)\n\tat com.codeborne.selenide.impl.WebElementSource.handleError(WebElementSource.java:140)\n\tat com.codeborne.selenide.impl.WebElementSource.checkConditionAndReturnElement(WebElementSource.java:123)\n\tat com.codeborne.selenide.impl.WebElementSource.checkCondition(WebElementSource.java:99)\n\tat com.codeborne.selenide.commands.Should.execute(Should.java:24)\n\tat com.codeborne.selenide.FluentCommand.execute(FluentCommand.java:27)\n\tat com.codeborne.selenide.FluentCommand.execute(FluentCommand.java:19)\n\tat com.codeborne.selenide.commands.Commands.execute(Commands.java:160)\n\tat com.codeborne.selenide.impl.SelenideElementProxy.dispatchAndRetry(SelenideElementProxy.java:131)\n\tat com.codeborne.selenide.impl.SelenideElementProxy.invoke(SelenideElementProxy.java:83)\n\tat jdk.proxy2/jdk.proxy2.$Proxy18.shouldBe(Unknown Source)\n\tat tests.TestForAllure.easySelenideSeacrhOnGitHubTest(TestForAllure.java:33)\n\tat java.base/jdk.internal.reflect.DirectMethodHandleAccessor.invoke(DirectMethodHandleAccessor.java:103)\n\tat java.base/java.lang.reflect.Method.invoke(Method.java:580)\n\tat org.junit.platform.commons.util.ReflectionUtils.invokeMethod(ReflectionUtils.java:787)\n\tat org.junit.platform.commons.support.ReflectionSupport.invokeMethod(ReflectionSupport.java:479)\n\tat org.junit.jupiter.engine.execution.MethodInvocation.proceed(MethodInvocation.java:60)\n\tat org.junit.jupiter.engine.execution.InvocationInterceptorChain$ValidatingInvocation.proceed(InvocationInterceptorChain.java:131)\n\tat org.junit.jupiter.engine.extension.TimeoutExtension.intercept(TimeoutExtension.java:161)\n\tat org.junit.jupiter.engine.extension.TimeoutExtension.interceptTestableMethod(TimeoutExtension.java:152)\n\tat org.junit.jupiter.engine.extension.TimeoutExtension.interceptTestMethod(TimeoutExtension.java:91)\n\tat org.junit.jupiter.engine.execution.InterceptingExecutableInvoker$ReflectiveInterceptorCall.lambda$ofVoidMethod$0(InterceptingExecutableInvoker.java:112)\n\tat org.junit.jupiter.engine.execution.InterceptingExecutableInvoker.lambda$invoke$0(InterceptingExecutableInvoker.java:94)\n\tat org.junit.jupiter.engine.execution.InvocationInterceptorChain$InterceptedInvocation.proceed(InvocationInterceptorChain.java:106)\n\tat org.junit.jupiter.engine.execution.InvocationInterceptorChain.proceed(InvocationInterceptorChain.java:64)\n\tat org.junit.jupiter.engine.execution.InvocationInterceptorChain.chainAndInvoke(InvocationInterceptorChain.java:45)\n\tat org.junit.jupiter.engine.execution.InvocationInterceptorChain.invoke(InvocationInterceptorChain.java:37)\n\tat org.junit.jupiter.engine.execution.InterceptingExecutableInvoker.invoke(InterceptingExecutableInvoker.java:93)\n\tat org.junit.jupiter.engine.execution.InterceptingExecutableInvoker.invoke(InterceptingExecutableInvoker.java:87)\n\tat org.junit.jupiter.engine.descriptor.TestMethodTestDescriptor.lambda$invokeTestMethod$4(TestMethodTestDescriptor.java:221)\n\tat org.junit.platform.engine.support.hierarchical.ThrowableCollector.execute(ThrowableCollector.java:73)\n\tat org.junit.jupiter.engine.descriptor.TestMethodTestDescriptor.invokeTestMethod(TestMethodTestDescriptor.java:217)\n\tat org.junit.jupiter.engine.descriptor.TestMethodTestDescriptor.execute(TestMethodTestDescriptor.java:159)\n\tat org.junit.jupiter.engine.descriptor.TestMethodTestDescriptor.execute(TestMethodTestDescriptor.java:70)\n\tat org.junit.platform.engine.support.hierarchical.NodeTestTask.lambda$executeRecursively$6(NodeTestTask.java:157)\n\tat org.junit.platform.engine.support.hierarchical.ThrowableCollector.execute(ThrowableCollector.java:73)\n\tat org.junit.platform.engine.support.hierarchical.NodeTestTask.lambda$executeRecursively$8(NodeTestTask.java:147)\n\tat org.junit.platform.engine.support.hierarchical.Node.around(Node.java:137)\n\tat org.junit.platform.engine.support.hierarchical.NodeTestTask.lambda$executeRecursively$9(NodeTestTask.java:145)\n\tat org.junit.platform.engine.support.hierarchical.ThrowableCollector.execute(ThrowableCollector.java:73)\n\tat org.junit.platform.engine.support.hierarchical.NodeTestTask.executeRecursively(NodeTestTask.java:144)\n\tat org.junit.platform.engine.support.hierarchical.NodeTestTask.execute(NodeTestTask.java:101)\n\tat java.base/java.util.ArrayList.forEach(ArrayList.java:1596)\n\tat org.junit.platform.engine.support.hierarchical.SameThreadHierarchicalTestExecutorService.invokeAll(SameThreadHierarchicalTestExecutorService.java:41)\n\tat org.junit.platform.engine.support.hierarchical.NodeTestTask.lambda$executeRecursively$6(NodeTestTask.java:161)\n\tat org.junit.platform.engine.support.hierarchical.ThrowableCollector.execute(ThrowableCollector.java:73)\n\tat org.junit.platform.engine.support.hierarchical.NodeTestTask.lambda$executeRecursively$8(NodeTestTask.java:147)\n\tat org.junit.platform.engine.support.hierarchical.Node.around(Node.java:137)\n\tat org.junit.platform.engine.support.hierarchical.NodeTestTask.lambda$executeRecursively$9(NodeTestTask.java:145)\n\tat org.junit.platform.engine.support.hierarchical.ThrowableCollector.execute(ThrowableCollector.java:73)\n\tat org.junit.platform.engine.support.hierarchical.NodeTestTask.executeRecursively(NodeTestTask.java:144)\n\tat org.junit.platform.engine.support.hierarchical.NodeTestTask.execute(NodeTestTask.java:101)\n\tat java.base/java.util.ArrayList.forEach(ArrayList.java:1596)\n\tat org.junit.platform.engine.support.hierarchical.SameThreadHierarchicalTestExecutorService.invokeAll(SameThreadHierarchicalTestExecutorService.java:41)\n\tat org.junit.platform.engine.support.hierarchical.NodeTestTask.lambda$executeRecursively$6(NodeTestTask.java:161)\n\tat org.junit.platform.engine.support.hierarchical.ThrowableCollector.execute(ThrowableCollector.java:73)\n\tat org.junit.platform.engine.support.hierarchical.NodeTestTask.lambda$executeRecursively$8(NodeTestTask.java:147)\n\tat org.junit.platform.engine.support.hierarchical.Node.around(Node.java:137)\n\tat org.junit.platform.engine.support.hierarchical.NodeTestTask.lambda$executeRecursively$9(NodeTestTask.java:145)\n\tat org.junit.platform.engine.support.hierarchical.ThrowableCollector.execute(ThrowableCollector.java:73)\n\tat org.junit.platform.engine.support.hierarchical.NodeTestTask.executeRecursively(NodeTestTask.java:144)\n\tat org.junit.platform.engine.support.hierarchical.NodeTestTask.execute(NodeTestTask.java:101)\n\tat org.junit.platform.engine.support.hierarchical.SameThreadHierarchicalTestExecutorService.submit(SameThreadHierarchicalTestExecutorService.java:35)\n\tat org.junit.platform.engine.support.hierarchical.HierarchicalTestExecutor.execute(HierarchicalTestExecutor.java:57)\n\tat org.junit.platform.engine.support.hierarchical.HierarchicalTestEngine.execute(HierarchicalTestEngine.java:54)\n\tat org.junit.platform.launcher.core.EngineExecutionOrchestrator.executeEngine(EngineExecutionOrchestrator.java:230)\n\tat org.junit.platform.launcher.core.EngineExecutionOrchestrator.failOrExecuteEngine(EngineExecutionOrchestrator.java:204)\n\tat org.junit.platform.launcher.core.EngineExecutionOrchestrator.execute(EngineExecutionOrchestrator.java:172)\n\tat org.junit.platform.launcher.core.EngineExecutionOrchestrator.execute(EngineExecutionOrchestrator.java:101)\n\tat org.junit.platform.launcher.core.EngineExecutionOrchestrator.lambda$execute$0(EngineExecutionOrchestrator.java:64)\n\tat org.junit.platform.launcher.core.EngineExecutionOrchestrator.withInterceptedStreams(EngineExecutionOrchestrator.java:150)\n\tat org.junit.platform.launcher.core.EngineExecutionOrchestrator.execute(EngineExecutionOrchestrator.java:63)\n\tat org.junit.platform.launcher.core.DefaultLauncher.execute(DefaultLauncher.java:109)\n\tat org.junit.platform.launcher.core.DefaultLauncher.execute(DefaultLauncher.java:91)\n\tat org.junit.platform.launcher.core.DelegatingLauncher.execute(DelegatingLauncher.java:47)\n\tat org.junit.platform.launcher.core.InterceptingLauncher.lambda$execute$1(InterceptingLauncher.java:39)\n\tat org.junit.platform.launcher.core.ClasspathAlignmentCheckingLauncherInterceptor.intercept(ClasspathAlignmentCheckingLauncherInterceptor.java:25)\n\tat org.junit.platform.launcher.core.InterceptingLauncher.execute(InterceptingLauncher.java:38)\n\tat org.junit.platform.launcher.core.DelegatingLauncher.execute(DelegatingLauncher.java:47)\n\tat org.apache.maven.surefire.junitplatform.LazyLauncher.execute(LazyLauncher.java:56)\n\tat org.apache.maven.surefire.junitplatform.JUnitPlatformProvider.execute(JUnitPlatformProvider.java:194)\n\tat org.apache.maven.surefire.junitplatform.JUnitPlatformProvider.invokeAllTests(JUnitPlatformProvider.java:150)\n\tat org.apache.maven.surefire.junitplatform.JUnitPlatformProvider.invoke(JUnitPlatformProvider.java:124)\n\tat org.apache.maven.surefire.booter.ForkedBooter.runSuitesInProcess(ForkedBooter.java:385)\n\tat org.apache.maven.surefire.booter.ForkedBooter.execute(ForkedBooter.java:162)\n\tat org.apache.maven.surefire.booter.ForkedBooter.run(ForkedBooter.java:507)\n\tat org.apache.maven.surefire.booter.ForkedBooter.main(ForkedBooter.java:495)\nCaused by: org.openqa.selenium.NoSuchElementException: no such element: Unable to locate element: {\"method\":\"link text\",\"selector\":\"eroshenkoam/allure-example\"}\n  (Session info: chrome=128.0.6613.137)\nFor documentation on this error, please visit: https://www.selenium.dev/documentation/webdriver/troubleshooting/errors#no-such-element-exception\nBuild info: version: '4.32.0', revision: 'd17c8aa950'\nSystem info: os.name: 'Linux', os.arch: 'amd64', os.version: '6.11.0-1015-azure', java.version: '21.0.7'\nDriver info: org.openqa.selenium.remote.RemoteWebDriver\nCommand: [265ff54ed2afbafca4bc276ab684e4c1, findElement {using=link text, value=eroshenkoam/allure-example}]\nCapabilities {acceptInsecureCerts: true, browserName: chrome, browserVersion: 128.0.6613.137, chrome: {chromedriverVersion: 128.0.6613.18 (7d504c2c60ba..., userDataDir: /tmp/.org.chromium.Chromium...}, fedcm:accounts: true, goog:chromeOptions: {debuggerAddress: localhost:44183}, networkConnectionEnabled: false, pageLoadStrategy: normal, platformName: linux, proxy: Proxy(), se:cdp: ws://localhost:4444/devtool..., se:cdpVersion: 128.0.6613.137, setWindowRect: true, strictFileInteractability: false, timeouts: {implicit: 0, pageLoad: 300000, script: 30000}, unhandledPromptBehavior: accept, webauthn:extension:credBlob: true, webauthn:extension:largeBlob: true, webauthn:extension:minPinLength: true, webauthn:extension:prf: true, webauthn:virtualAuthenticators: true}\nSession ID: 265ff54ed2afbafca4bc276ab684e4c1\n\tat java.base/jdk.internal.reflect.DirectConstructorHandleAccessor.newInstance(DirectConstructorHandleAccessor.java:62)\n\tat java.base/java.lang.reflect.Constructor.newInstanceWithCaller(Constructor.java:502)\n\tat java.base/java.lang.reflect.Constructor.newInstance(Constructor.java:486)\n\tat org.openqa.selenium.remote.ErrorCodec.decode(ErrorCodec.java:167)\n\tat org.openqa.selenium.remote.codec.w3c.W3CHttpResponseCodec.decode(W3CHttpResponseCodec.java:138)\n\tat org.openqa.selenium.remote.codec.w3c.W3CHttpResponseCodec.decode(W3CHttpResponseCodec.java:50)\n\tat org.openqa.selenium.remote.HttpCommandExecutor.execute(HttpCommandExecutor.java:215)\n\tat org.openqa.selenium.remote.RemoteWebDriver.execute(RemoteWebDriver.java:545)\n\tat org.openqa.selenium.remote.ElementLocation$ElementFinder$2.findElement(ElementLocation.java:165)\n\tat org.openqa.selenium.remote.ElementLocation.findElement(ElementLocation.java:59)\n\tat org.openqa.selenium.remote.RemoteWebDriver.findElement(RemoteWebDriver.java:368)\n\tat org.openqa.selenium.remote.RemoteWebDriver.findElement(RemoteWebDriver.java:362)\n\tat com.codeborne.selenide.impl.WebElementSelector.findElement(WebElementSelector.java:67)\n\tat com.codeborne.selenide.impl.WebElementSelector.findElement(WebElementSelector.java:38)\n\tat com.codeborne.selenide.impl.WebElementSelector.findElement(WebElementSelector.java:29)\n\tat com.codeborne.selenide.impl.ElementFinder.getWebElement(ElementFinder.java:113)\n\tat com.codeborne.selenide.impl.WebElementSource.checkConditionAndReturnElement(WebElementSource.java:112)\n\t... 84 more\n","steps":[],"attachments":[{"uid":"e3dd8127499cf7bc","name":"Screenshot","source":"e3dd8127499cf7bc.png","type":"image/png","size":42356},{"uid":"9b6b743560c63904","name":"Page source","source":"9b6b743560c63904.html","type":"text/html","size":9339}],"parameters":[],"shouldDisplayMessage":true,"stepsCount":0,"attachmentsCount":2,"hasContent":true,"attachmentStep":false}],"attachments":[],"parameters":[],"shouldDisplayMessage":false,"stepsCount":10,"attachmentsCount":2,"hasContent":true,"attachmentStep":false},"afterStages":[],"labels":[{"name":"junit.platform.uniqueid","value":"[engine:junit-jupiter]/[class:tests.TestForAllure]/[method:easySelenideSeacrhOnGitHubTest()]"},{"name":"host","value":"fv-az788-748"},{"name":"thread","value":"2873@fv-az788-748.main(1)"},{"name":"framework","value":"junit-platform"},{"name":"language","value":"java"},{"name":"package","value":"tests.TestForAllure"},{"name":"testClass","value":"tests.TestForAllure"},{"name":"testMethod","value":"easySelenideSeacrhOnGitHubTest"},{"name":"suite","value":"tests.TestForAllure"},{"name":"resultFormat","value":"allure2"}],"parameters":[],"links":[],"hidden":false,"retry":false,"extra":{"severity":"normal","retries":[],"categories":[{"name":"Product defects","matchedStatuses":[],"flaky":false}],"history":{"statistic":{"failed":3,"broken":0,"skipped":0,"passed":110,"unknown":0,"total":113},"items":[{"uid":"bec0db4f894feec1","reportUrl":"https://denqa1997.github.io/ru.denkul/89//#testresult/bec0db4f894feec1","status":"passed","time":{"start":1751452012291,"stop":1751452022623,"duration":10332}},{"uid":"5a4989fa00d662e9","reportUrl":"https://denqa1997.github.io/ru.denkul/88//#testresult/5a4989fa00d662e9","status":"passed","time":{"start":1751450217586,"stop":1751450228596,"duration":11010}},{"uid":"f96e41705eb8dea3","reportUrl":"https://denqa1997.github.io/ru.denkul/87//#testresult/f96e41705eb8dea3","status":"passed","time":{"start":1751449560163,"stop":1751449570545,"duration":10382}},{"uid":"5fd2ad18538378da","reportUrl":"https://denqa1997.github.io/ru.denkul/86//#testresult/5fd2ad18538378da","status":"passed","time":{"start":1751448333497,"stop":1751448344031,"duration":10534}},{"uid":"a872802fd63b8741","reportUrl":"https://denqa1997.github.io/ru.denkul/85//#testresult/a872802fd63b8741","status":"passed","time":{"start":1751365593447,"stop":1751365604110,"duration":10663}},{"uid":"1d1f695556329d64","reportUrl":"https://denqa1997.github.io/ru.denkul/84//#testresult/1d1f695556329d64","status":"passed","time":{"start":1751363798441,"stop":1751363809185,"duration":10744}},{"uid":"f966402473ee791a","reportUrl":"https://denqa1997.github.io/ru.denkul/83//#testresult/f966402473ee791a","status":"passed","time":{"start":1751363136697,"stop":1751363147370,"duration":10673}},{"uid":"8d45bdf96fc774d8","reportUrl":"https://denqa1997.github.io/ru.denkul/82//#testresult/8d45bdf96fc774d8","status":"passed","time":{"start":1751361937222,"stop":1751361947717,"duration":10495}},{"uid":"8c9a3ca4037c400e","reportUrl":"https://denqa1997.github.io/ru.denkul/81//#testresult/8c9a3ca4037c400e","status":"passed","time":{"start":1751279290206,"stop":1751279300742,"duration":10536}},{"uid":"64f1a3d09ba4736e","reportUrl":"https://denqa1997.github.io/ru.denkul/80//#testresult/64f1a3d09ba4736e","status":"passed","time":{"start":1751277437232,"stop":1751277447737,"duration":10505}},{"uid":"34d4a89f038f6847","reportUrl":"https://denqa1997.github.io/ru.denkul/79//#testresult/34d4a89f038f6847","status":"passed","time":{"start":1751276775877,"stop":1751276786242,"duration":10365}},{"uid":"7576aeeebb6cae6","reportUrl":"https://denqa1997.github.io/ru.denkul/78//#testresult/7576aeeebb6cae6","status":"passed","time":{"start":1751275552861,"stop":1751275563342,"duration":10481}},{"uid":"2aa395c23ac58e45","reportUrl":"https://denqa1997.github.io/ru.denkul/77//#testresult/2aa395c23ac58e45","status":"passed","time":{"start":1751193043901,"stop":1751193053906,"duration":10005}},{"uid":"e7e1dfd3690b23fc","reportUrl":"https://denqa1997.github.io/ru.denkul/76//#testresult/e7e1dfd3690b23fc","status":"passed","time":{"start":1751191164523,"stop":1751191175063,"duration":10540}},{"uid":"926df4db1e6f8d77","reportUrl":"https://denqa1997.github.io/ru.denkul/75//#testresult/926df4db1e6f8d77","status":"passed","time":{"start":1751190510571,"stop":1751190520911,"duration":10340}},{"uid":"63cc55922ba7c6bc","reportUrl":"https://denqa1997.github.io/ru.denkul/74//#testresult/63cc55922ba7c6bc","status":"passed","time":{"start":1751189845469,"stop":1751189855774,"duration":10305}},{"uid":"abcac6e69ec1bbca","reportUrl":"https://denqa1997.github.io/ru.denkul/73//#testresult/abcac6e69ec1bbca","status":"passed","time":{"start":1751188839610,"stop":1751188850292,"duration":10682}},{"uid":"e25173eecf6381d","reportUrl":"https://denqa1997.github.io/ru.denkul/72//#testresult/e25173eecf6381d","status":"passed","time":{"start":1751105444893,"stop":1751105455762,"duration":10869}},{"uid":"e16fd19d2c349836","reportUrl":"https://denqa1997.github.io/ru.denkul/71//#testresult/e16fd19d2c349836","status":"failed","statusDetails":"Element not found {By.linkText: eroshenkoam/allure-example}\nExpected: visible\nScreenshot: file:/home/runner/work/ru.denkul/ru.denkul/build/reports/tests/1751104296687.0.png\nPage source: file:/home/runner/work/ru.denkul/ru.denkul/build/reports/tests/1751104296687.0.html\nTimeout: 10 s.\nCaused by: NoSuchElementException: no such element: Unable to locate element: {\"method\":\"link text\",\"selector\":\"eroshenkoam/allure-example\"}","time":{"start":1751104279093,"stop":1751104296925,"duration":17832}},{"uid":"7323b2573a5c7cf8","reportUrl":"https://denqa1997.github.io/ru.denkul/70//#testresult/7323b2573a5c7cf8","status":"passed","time":{"start":1751103626504,"stop":1751103637240,"duration":10736}}]},"tags":[]},"source":"8e3cf38285d5f01d.json","parameterValues":[]}